[11:27:52] [main/INFO] (FabricLoader) Loading for game Minecraft 1.16.5
[11:27:53] [main/INFO] (Fabric|Loader) [FabricLoader] Loading 43 mods: fabric-networking-blockentity-v0@0.2.5+b50ffc7b3a, fabric-screen-handler-api-v1@1.1.0+872498413a, fabric-renderer-api-v1@0.3.3+a4467d2a3a, minecraft@1.16.5, fabric-keybindings-v0@0.2.0+3fa9f7c53a, fabric-command-api-v1@1.0.9+a4467d2a3a, fabricloader@0.11.3, nohurtcam@1, fabric-tool-attribute-api-v1@1.2.4+2b4623793a, fabric-structure-api-v1@1.1.0+f8ac1db23a, fabric-renderer-indigo@0.4.3+a4467d2a3a, fabric-containers-v0@0.1.8+045df74f3a, fabric-object-builder-api-v1@1.9.2+a89534ab3a, java@16, fabric-item-api-v1@1.2.0+f8ac1db23a, fabric-crash-report-info-v1@0.1.2+b7f9825d3a, fabric-events-interaction-v0@0.4.1+f8ac1db23a, fabric-game-rule-api-v1@1.0.3+a4467d2a3a, fabric-api-base@0.2.0+9f0fb4b83a, fabric-rendering-v0@1.1.1+f8ac1db23a, fabric-key-binding-api-v1@1.0.1+730711c63a, fabric-rendering-v1@1.3.1+f8ac1db23a, fabric-rendering-data-attachment-v1@0.1.4+f8ac1db23a, fabric-resource-loader-v0@0.3.1+facf3bbf3a, fabric-textures-v0@1.0.5+a4467d2a3a, fabric-content-registries-v0@0.1.9+059ea8663a, fabric-tag-extensions-v0@1.0.3+ac8e8c593a, fabric-biome-api-v1@3.0.0+8367596d3a, fabric-rendering-fluids-v1@0.1.12+f8ac1db23a, fabric-commands-v0@0.2.0+52d308363a, fabric-registry-sync-v0@0.6.1+a4467d2a3a, fabric-blockrenderlayer-v1@1.1.4+c6a8ea893a, fabric-lifecycle-events-v1@1.2.0+74cc3b203a, fabric-mining-levels-v0@0.1.2+b764ce993a, fabric-renderer-registries-v1@2.2.0+f8ac1db23a, fabric-events-lifecycle-v0@0.2.0+16acbe5b3a, fabric-loot-tables-v1@1.0.1+432ea1883a, fabric@0.25.1+build.416-1.16, fabric-item-groups-v0@0.2.1+a4467d2a3a, fabric-models-v0@0.1.1+f8ac1db23a, fabric-particles-v1@0.2.2+fb0d9b0e3a, fabric-object-builders-v0@0.7.1+a4467d2a3a, fabric-networking-v0@0.1.10+e00ecb5f3a
[11:27:53] [main/INFO] (mixin) SpongePowered MIXIN Subsystem Version=0.8.2 Source=file:/C:/Users/DaddyBread/.gradle/caches/modules-2/files-2.1/net.fabricmc/sponge-mixin/0.9.2+mixin.0.8.2/12c437eebf031967eaa7daad861e115932772cc7/sponge-mixin-0.9.2+mixin.0.8.2.jar Service=Knot/Fabric Env=CLIENT
[11:27:53] [main/INFO] (Fabric|MixinBootstrap) Loaded Fabric development mappings for mixin remapper!
[11:27:53] [main/INFO] (mixin) Remapping refMap fabric-networking-v0-refmap.json using remapper chain
[11:27:53] [main/INFO] (mixin) Remapping refMap fabric-networking-blockentity-v0-refmap.json using remapper chain
[11:27:53] [main/INFO] (mixin) Remapping refMap fabric-screen-handler-api-v1-refmap.json using remapper chain
[11:27:53] [main/INFO] (mixin) Remapping refMap fabric-lifecycle-events-v1-refmap.json using remapper chain
[11:27:53] [main/INFO] (mixin) Remapping refMap fabric-containers-v0-refmap.json using remapper chain
[11:27:53] [main/INFO] (mixin) Remapping refMap fabric-renderer-indigo-refmap.json using remapper chain
[11:27:53] [main/INFO] (mixin) Remapping refMap fabric-rendering-data-attachment-v1-refmap.json using remapper chain
[11:27:53] [main/INFO] (mixin) Remapping refMap fabric-structure-api-v1-refmap.json using remapper chain
[11:27:53] [main/INFO] (mixin) Remapping refMap fabric-item-api-v1-refmap.json using remapper chain
[11:27:53] [main/INFO] (mixin) Remapping refMap fabric-events-interaction-v0-refmap.json using remapper chain
[11:27:53] [main/INFO] (mixin) Remapping refMap fabric-loot-tables-v1-refmap.json using remapper chain
[11:27:53] [main/INFO] (mixin) Remapping refMap fabric-object-builder-api-v1-refmap.json using remapper chain
[11:27:53] [main/INFO] (mixin) Remapping refMap fabric-renderer-registries-v1-refmap.json using remapper chain
[11:27:53] [main/INFO] (mixin) Remapping refMap fabric-textures-v0-refmap.json using remapper chain
[11:27:53] [main/INFO] (mixin) Remapping refMap fabric-registry-sync-v0-refmap.json using remapper chain
[11:27:53] [main/INFO] (mixin) Remapping refMap fabric-models-v0-refmap.json using remapper chain
[11:27:53] [main/INFO] (mixin) Remapping refMap fabric-blockrenderlayer-v1-refmap.json using remapper chain
[11:27:53] [main/INFO] (mixin) Remapping refMap fabric-renderer-api-v1-refmap.json using remapper chain
[11:27:53] [main/INFO] (mixin) Remapping refMap fabric-containers-v0-refmap.json using remapper chain
[11:27:53] [main/INFO] (mixin) Remapping refMap fabric-rendering-fluids-v1-refmap.json using remapper chain
[11:27:53] [main/INFO] (mixin) Remapping refMap fabric-biome-api-v1-refmap.json using remapper chain
[11:27:53] [main/INFO] (mixin) Remapping refMap fabric-resource-loader-v0-refmap.json using remapper chain
[11:27:53] [main/INFO] (mixin) Remapping refMap fabric-game-rule-api-v1-refmap.json using remapper chain
[11:27:53] [main/INFO] (mixin) Remapping refMap fabric-particles-v1-refmap.json using remapper chain
[11:27:53] [main/INFO] (mixin) Remapping refMap fabric-object-builders-refmap.json using remapper chain
[11:27:53] [main/INFO] (mixin) Remapping refMap fabric-tag-extensions-v0-refmap.json using remapper chain
[11:27:53] [main/INFO] (mixin) Remapping refMap fabric-tool-attribute-api-v1-refmap.json using remapper chain
[11:27:53] [main/INFO] (mixin) Remapping refMap fabric-rendering-v1-refmap.json using remapper chain
[11:27:53] [main/INFO] (mixin) Remapping refMap fabric-item-groups-v0-refmap.json using remapper chain
[11:27:53] [main/INFO] (mixin) Remapping refMap fabric-content-registries-v0-refmap.json using remapper chain
[11:27:53] [main/INFO] (mixin) Remapping refMap fabric-command-api-v1-refmap.json using remapper chain
[11:27:53] [main/INFO] (mixin) Remapping refMap fabric-crash-report-info-v1-refmap.json using remapper chain
[11:27:53] [main/INFO] (mixin) Remapping refMap fabric-key-binding-api-v1-refmap.json using remapper chain
[11:27:53] [main/INFO] (mixin) Remapping refMap fabric-renderer-api-v1-refmap.json using remapper chain
[11:27:53] [main/WARN] (mixin) @Mixin target net/minecraft/server/world/ThreadedAnvilChunkStorage$EntityTracker is public in fabric-networking-v0.mixins.json:MixinEntityTracker and should be specified in value
[11:27:53] [main/WARN] (mixin) @Mixin target net/minecraft/client/render/block/BlockModelRenderer$AmbientOcclusionCalculator is public in fabric-renderer-indigo.mixins.json:MixinAmbientOcclusionCalculator and should be specified in value
[11:27:53] [main/WARN] (mixin) @Mixin target net/minecraft/client/render/chunk/ChunkBuilder$BuiltChunk$RebuildTask is public in fabric-renderer-indigo.mixins.json:MixinChunkRebuildTask and should be specified in value
[11:27:53] [main/WARN] (mixin) @Mixin target net/minecraft/village/TradeOffers$TypeAwareBuyForOneEmeraldFactory is public in fabric-object-builder-v1.mixins.json:TypeAwareTradeMixin and should be specified in value
[11:27:53] [main/WARN] (mixin) @Mixin target net/minecraft/server/command/GameRuleCommand$1 is public in fabric-game-rule-api-v1.mixins.json:GameRuleCommandVisitorMixin and should be specified in value
[11:27:53] [main/WARN] (mixin) @Mixin target net/minecraft/client/gui/screen/world/EditGameRulesScreen$RuleListWidget$1 is public in fabric-game-rule-api-v1.mixins.json:client.RuleListWidgetVisitorMixin and should be specified in value
[11:27:53] [main/WARN] (mixin) @Mixin target net/minecraft/client/particle/ParticleManager$SimpleSpriteProvider is public in fabric-particles-v1.mixins.json:ParticleManagerAccessor$SimpleSpriteProviderAccessor and should be specified in value
[11:27:53] [main/WARN] (mixin) @Mixin target net/minecraft/tag/Tag$1 is public in fabric-tag-extensions-v0.mixins.json:MixinTagImpl and should be specified in value
[11:27:53] [main/WARN] (mixin) @Mixin target net/minecraft/tag/RequiredTagList$TagWrapper is public in fabric-tag-extensions-v0.mixins.json:MixinTagImpl and should be specified in value
[11:27:56] [main/INFO] (Minecraft) Environment: authHost='https://authserver.mojang.com', accountsHost='https://api.mojang.com', sessionHost='https://sessionserver.mojang.com', servicesHost='https://api.minecraftservices.com', name='PROD'
[11:27:57] [main/ERROR] (Minecraft) Failed to verify authentication
com.mojang.authlib.exceptions.AuthenticationUnavailableException: Cannot contact authentication server
	at com.mojang.authlib.yggdrasil.YggdrasilAuthenticationService.makeRequest(YggdrasilAuthenticationService.java:125) ~[authlib-2.1.28.jar:?]
	at com.mojang.authlib.yggdrasil.YggdrasilSocialInteractionsService.checkPrivileges(YggdrasilSocialInteractionsService.java:94) ~[authlib-2.1.28.jar:?]
	at com.mojang.authlib.yggdrasil.YggdrasilSocialInteractionsService.<init>(YggdrasilSocialInteractionsService.java:40) ~[authlib-2.1.28.jar:?]
	at com.mojang.authlib.yggdrasil.YggdrasilAuthenticationService.createSocialInteractionsService(YggdrasilAuthenticationService.java:152) ~[authlib-2.1.28.jar:?]
	at net.minecraft.client.MinecraftClient.method_31382(MinecraftClient.java:625) [minecraft-1.16.5-mapped-net.fabricmc.yarn-1.16.5+build.6-v2.jar:?]
	at net.minecraft.client.MinecraftClient.<init>(MinecraftClient.java:409) [minecraft-1.16.5-mapped-net.fabricmc.yarn-1.16.5+build.6-v2.jar:?]
	at net.minecraft.client.main.Main.main(Main.java:177) [minecraft-1.16.5-mapped-net.fabricmc.yarn-1.16.5+build.6-v2.jar:?]
	at jdk.internal.reflect.NativeMethodAccessorImpl.invoke0(Native Method) ~[?:?]
	at jdk.internal.reflect.NativeMethodAccessorImpl.invoke(NativeMethodAccessorImpl.java:78) ~[?:?]
	at jdk.internal.reflect.DelegatingMethodAccessorImpl.invoke(DelegatingMethodAccessorImpl.java:43) ~[?:?]
	at java.lang.reflect.Method.invoke(Method.java:567) ~[?:?]
	at net.fabricmc.loader.game.MinecraftGameProvider.launch(MinecraftGameProvider.java:226) [fabric-loader-0.11.3.jar:?]
	at net.fabricmc.loader.launch.knot.Knot.launch(Knot.java:146) [fabric-loader-0.11.3.jar:?]
	at net.fabricmc.loader.launch.knot.KnotClient.main(KnotClient.java:28) [fabric-loader-0.11.3.jar:?]
	at net.fabricmc.devlaunchinjector.Main.main(Main.java:86) [dev-launch-injector-0.2.1+build.8.jar:?]
Caused by: java.io.IOException: Server returned HTTP response code: 401 for URL: https://api.minecraftservices.com/privileges
	at sun.net.www.protocol.http.HttpURLConnection.getInputStream0(HttpURLConnection.java:1985) ~[?:?]
	at sun.net.www.protocol.http.HttpURLConnection.getInputStream(HttpURLConnection.java:1577) ~[?:?]
	at sun.net.www.protocol.https.HttpsURLConnectionImpl.getInputStream(HttpsURLConnectionImpl.java:224) ~[?:?]
	at com.mojang.authlib.HttpAuthenticationService.performGetRequest(HttpAuthenticationService.java:140) ~[authlib-2.1.28.jar:?]
	at com.mojang.authlib.yggdrasil.YggdrasilAuthenticationService.makeRequest(YggdrasilAuthenticationService.java:104) ~[authlib-2.1.28.jar:?]
	... 14 more
[11:27:57] [main/INFO] (Minecraft) Setting user: Player966
[11:27:57] [main/INFO] (Indigo) [Indigo] Registering Indigo renderer!
[11:27:57] [main/INFO] (Minecraft) Backend library: LWJGL version 3.2.2 build 10
[11:27:59] [main/INFO] (Minecraft) Narrator library for x64 successfully loaded
[11:27:59] [main/INFO] (Minecraft) Reloading ResourceManager: Default, Fabric Networking Block Entity (v0), Fabric Screen Handler API (v1), Fabric Renderer API (v1), Fabric Key Bindings (v0), Fabric Command API (v1), Fabric Loader, NoHurtCam, Fabric Tool Attribute API (v1), Fabric Renderer - Indigo, Fabric Containers (v0), Fabric Object Builder API (v1), Fabric Item API (v1), Fabric Crash Report Info (v1), Fabric Events Interaction (v0), Fabric Game Rule API (v1), Fabric API Base, Fabric Rendering (v0), Fabric Key Binding API (v1), Fabric Rendering (v1), Fabric Rendering Data Attachment (v1), Fabric Resource Loader (v0), Fabric Textures (v0), Fabric Content Registries (v0), Fabric Tag Extensions (v0), Fabric Biome API (v1), Fabric Rendering Fluids (v1), Fabric Registry Sync (v0), Fabric BlockRenderLayer Registration (v1), Fabric Lifecycle Events (v1), Fabric Mining Levels (v0), Fabric Renderer Registries (v1), Fabric Events Lifecycle (v0), Fabric Loot Tables (v1), Fabric API, Fabric Item Groups (v0), Fabric Models (v0), Fabric Object Builders (v0), Fabric Networking (v0)
[11:28:00] [Realms Notification Availability checker #1/INFO] (Minecraft) Could not authorize you against Realms server: Invalid session id
[11:28:04] [main/INFO] (Minecraft) OpenAL initialized.
[11:28:04] [main/INFO] (Minecraft) Sound engine started
[11:28:04] [main/INFO] (Minecraft) Created: 1024x1024x4 minecraft:textures/atlas/blocks.png-atlas
[11:28:04] [main/INFO] (Minecraft) Created: 256x128x4 minecraft:textures/atlas/signs.png-atlas
[11:28:04] [main/INFO] (Minecraft) Created: 1024x512x4 minecraft:textures/atlas/banner_patterns.png-atlas
[11:28:04] [main/INFO] (Minecraft) Created: 1024x512x4 minecraft:textures/atlas/shield_patterns.png-atlas
[11:28:04] [main/INFO] (Minecraft) Created: 256x256x4 minecraft:textures/atlas/chest.png-atlas
[11:28:04] [main/INFO] (Minecraft) Created: 512x256x4 minecraft:textures/atlas/beds.png-atlas
[11:28:04] [main/INFO] (Minecraft) Created: 512x256x4 minecraft:textures/atlas/shulker_boxes.png-atlas
[11:28:04] [main/INFO] (Minecraft) Created: 256x256x0 minecraft:textures/atlas/particles.png-atlas
[11:28:04] [main/INFO] (Minecraft) Created: 256x256x0 minecraft:textures/atlas/paintings.png-atlas
[11:28:04] [main/INFO] (Minecraft) Created: 256x128x0 minecraft:textures/atlas/mob_effects.png-atlas
[11:28:38] [main/WARN] (Minecraft) Ambiguity between arguments [teleport, destination] and [teleport, targets] with inputs: [Player, 0123, @e, dd12be42-52a9-4a91-a8a1-11c01849e498]
[11:28:38] [main/WARN] (Minecraft) Ambiguity between arguments [teleport, location] and [teleport, destination] with inputs: [0.1 -0.5 .9, 0 0 0]
[11:28:38] [main/WARN] (Minecraft) Ambiguity between arguments [teleport, location] and [teleport, targets] with inputs: [0.1 -0.5 .9, 0 0 0]
[11:28:38] [main/WARN] (Minecraft) Ambiguity between arguments [teleport, targets] and [teleport, destination] with inputs: [Player, 0123, dd12be42-52a9-4a91-a8a1-11c01849e498]
[11:28:38] [main/WARN] (Minecraft) Ambiguity between arguments [teleport, targets, location] and [teleport, targets, destination] with inputs: [0.1 -0.5 .9, 0 0 0]
[11:28:38] [main/INFO] (Minecraft) Reloading ResourceManager: Default, Fabric Tool Attribute API (v1)
[11:28:38] [main/INFO] (Minecraft) Loaded 7 recipes
[11:28:39] [main/INFO] (Minecraft) Loaded 927 advancements
[11:28:39] [main/INFO] (BiomeModificationImpl) Applied 0 biome modifications to 0 of 79 new biomes in 1.097 ms
[11:28:39] [main/INFO] (Minecraft) Environment: authHost='https://authserver.mojang.com', accountsHost='https://api.mojang.com', sessionHost='https://sessionserver.mojang.com', servicesHost='https://api.minecraftservices.com', name='PROD'
[11:28:39] [Server thread/INFO] (Minecraft) Starting integrated minecraft server version 1.16.5
[11:28:39] [Server thread/INFO] (Minecraft) Generating keypair
[11:28:41] [Server thread/INFO] (Minecraft) Preparing start region for dimension minecraft:overworld
[11:28:41] [main/INFO] (Minecraft) Preparing spawn area: 0%
[11:28:42] [main/INFO] (Minecraft) Preparing spawn area: 0%
[11:28:42] [main/INFO] (Minecraft) Preparing spawn area: 6%
[11:28:43] [main/INFO] (Minecraft) Preparing spawn area: 11%
[11:28:43] [main/INFO] (Minecraft) Preparing spawn area: 15%
[11:28:44] [main/INFO] (Minecraft) Preparing spawn area: 23%
[11:28:44] [main/INFO] (Minecraft) Preparing spawn area: 33%
[11:28:45] [main/INFO] (Minecraft) Preparing spawn area: 41%
[11:28:45] [main/INFO] (Minecraft) Preparing spawn area: 46%
[11:28:46] [main/INFO] (Minecraft) Preparing spawn area: 56%
[11:28:46] [main/INFO] (Minecraft) Preparing spawn area: 65%
[11:28:47] [main/INFO] (Minecraft) Preparing spawn area: 73%
[11:28:47] [main/INFO] (Minecraft) Preparing spawn area: 82%
[11:28:48] [main/INFO] (Minecraft) Preparing spawn area: 89%
[11:28:48] [main/INFO] (Minecraft) Time elapsed: 6924 ms
[11:28:48] [Server thread/INFO] (Minecraft) Changing view distance to 11, from 10
[11:28:48] [Server thread/INFO] (Minecraft) Player966[local:E:e5c76bda] logged in with entity id 254 at (231.5, 82.0, -135.5)
[11:28:48] [Server thread/INFO] (Minecraft) Player966 joined the game
[11:28:49] [Server thread/INFO] (Minecraft) Saving and pausing game...
[11:28:49] [Server thread/INFO] (Minecraft) Saving chunks for level 'ServerLevel[New World]'/minecraft:overworld
[11:28:49] [main/INFO] (Minecraft) Loaded 0 advancements
[11:28:50] [Server thread/INFO] (Minecraft) Saving chunks for level 'ServerLevel[New World]'/minecraft:the_nether
[11:28:50] [Server thread/INFO] (Minecraft) Saving chunks for level 'ServerLevel[New World]'/minecraft:the_end
[11:28:56] [main/INFO] (Minecraft) [CHAT] §8[§aNoHurtCam§8] §aDisabled§7 Hurtcam
[11:29:01] [main/INFO] (Minecraft) [CHAT] §8[§aNoHurtCam§8] §cEnabled§7 Hurtcam
[11:29:02] [main/INFO] (Minecraft) [CHAT] §8[§aNoHurtCam§8] §aDisabled§7 Hurtcam
[11:29:15] [main/INFO] (Minecraft) [CHAT] §8[§aNoHurtCam§8] §cEnabled§7 Hurtcam
[11:29:19] [Server thread/INFO] (Minecraft) Saving and pausing game...
[11:29:19] [Server thread/INFO] (Minecraft) Saving chunks for level 'ServerLevel[New World]'/minecraft:overworld
[11:29:19] [Server thread/INFO] (Minecraft) Saving chunks for level 'ServerLevel[New World]'/minecraft:the_nether
[11:29:19] [Server thread/INFO] (Minecraft) Saving chunks for level 'ServerLevel[New World]'/minecraft:the_end
[11:29:20] [main/INFO] (Minecraft) Stopping!
[11:29:20] [Server thread/INFO] (Minecraft) Player966 lost connection: Disconnected
[11:29:20] [Server thread/INFO] (Minecraft) Player966 left the game
[11:29:20] [Server thread/INFO] (Minecraft) Stopping singleplayer server as player logged out
[11:29:20] [Server thread/INFO] (Minecraft) Stopping server
[11:29:20] [Server thread/INFO] (Minecraft) Saving players
[11:29:20] [Server thread/INFO] (Minecraft) Saving worlds
[11:29:20] [Server thread/INFO] (Minecraft) Saving chunks for level 'ServerLevel[New World]'/minecraft:overworld
[11:29:20] [Server thread/INFO] (Minecraft) ThreadedAnvilChunkStorage (New World): All chunks are saved
[11:29:20] [Server thread/INFO] (Minecraft) Saving chunks for level 'ServerLevel[New World]'/minecraft:the_nether
[11:29:20] [Server thread/INFO] (Minecraft) ThreadedAnvilChunkStorage (DIM-1): All chunks are saved
[11:29:20] [Server thread/INFO] (Minecraft) Saving chunks for level 'ServerLevel[New World]'/minecraft:the_end
[11:29:20] [Server thread/INFO] (Minecraft) ThreadedAnvilChunkStorage (DIM1): All chunks are saved
[11:29:20] [Server thread/INFO] (Minecraft) ThreadedAnvilChunkStorage (New World): All chunks are saved
[11:29:20] [Server thread/INFO] (Minecraft) ThreadedAnvilChunkStorage (DIM-1): All chunks are saved
[11:29:20] [Server thread/INFO] (Minecraft) ThreadedAnvilChunkStorage (DIM1): All chunks are saved
